<?xml version="1.0" encoding="UTF-8"?>
<coverage generated="1649712246890" clover="3.2.0">
  <project timestamp="1649712246890" name="All files">
    <metrics statements="21" coveredstatements="19" conditionals="3" coveredconditionals="3" methods="4" coveredmethods="3" elements="28" coveredelements="25" complexity="0" loc="21" ncloc="21" packages="1" files="2" classes="2"/>
    <file name="responseBuilder.js" path="C:\Users\BC1G7878\Desktop\projeto\jest\src\responseBuilder.js">
      <metrics statements="16" coveredstatements="14" conditionals="2" coveredconditionals="2" methods="3" coveredmethods="2"/>
      <line num="1" count="1" type="stmt"/>
      <line num="2" count="1" type="cond" truecount="1" falsecount="0"/>
      <line num="3" count="1" type="stmt"/>
      <line num="4" count="1" type="stmt"/>
      <line num="5" count="1" type="stmt"/>
      <line num="6" count="1" type="stmt"/>
      <line num="7" count="1" type="stmt"/>
      <line num="8" count="1" type="cond" truecount="1" falsecount="0"/>
      <line num="9" count="1" type="stmt"/>
      <line num="10" count="1" type="stmt"/>
      <line num="11" count="1" type="stmt"/>
      <line num="12" count="1" type="stmt"/>
      <line num="13" count="0" type="stmt"/>
      <line num="14" count="0" type="stmt"/>
      <line num="15" count="1" type="stmt"/>
      <line num="16" count="1" type="stmt"/>
    </file>
    <file name="somar.js" path="C:\Users\BC1G7878\Desktop\projeto\jest\src\somar.js">
      <metrics statements="5" coveredstatements="5" conditionals="1" coveredconditionals="1" methods="1" coveredmethods="1"/>
      <line num="1" count="2" type="cond" truecount="1" falsecount="0"/>
      <line num="2" count="2" type="stmt"/>
      <line num="3" count="2" type="stmt"/>
      <line num="4" count="1" type="stmt"/>
      <line num="5" count="1" type="stmt"/>
    </file>
  </project>
</coverage>
