TN:
SF:src\responseBuilder.js
FN:2,Response
FN:8,createResponseContent
FN:12,createResponseErrors
FNF:3
FNH:2
FNDA:1,Response
FNDA:1,createResponseContent
FNDA:0,createResponseErrors
DA:1,1
DA:2,1
DA:3,1
DA:4,1
DA:5,1
DA:6,1
DA:7,1
DA:8,1
DA:9,1
DA:10,1
DA:11,1
DA:12,1
DA:13,0
DA:14,0
DA:15,1
DA:16,1
LF:16
LH:14
BRDA:2,0,0,1
BRDA:8,1,0,1
BRF:2
BRH:2
end_of_record
TN:
SF:src\somar.js
FN:1,somar
FNF:1
FNH:1
FNDA:2,somar
DA:1,2
DA:2,2
DA:3,2
DA:4,1
DA:5,1
LF:5
LH:5
BRDA:1,0,0,2
BRF:1
BRH:1
end_of_record
